# Q2 / Phase 2 -- Coupled Bloch--Floquet Argyris+P2 cell problem 
# phi = 0.1, a_inc = 0.1784, n_outer = 40
# E = 1.0, nu = 0.3, lam* = 0.3297, mu = 0.3846

Mesh: 1681 vertices, 3200 triangles

# Static checks
  shapes: K_uu = (13122, 13122), K_ww = (14966, 14966), K_wu = (14966, 13122)
  S_1111(B=0) = 0.0000e+00  (expected machine zero)
  shapes: K_uu = (13122, 13122), K_ww = (14966, 14966), K_wu = (14966, 13122)
  S_1111(B!=0) = 1.6273e-01, leading-order = 1.2360e-01
  Relative deviation: 31.660%

# Frequency sweep S_1111(omega)
  omega/w0     S_num.re     S_num.im  S_closed.re  S_closed.im
     0.700   4.2543e-01  -3.0663e-02   4.8032e-01   2.1795e-02
     0.735   4.6027e-01  -1.1064e-01   5.1442e-01   2.8111e-02
     0.770   5.4659e-01  -1.8359e-01   5.5892e-01   3.7468e-02
     0.805   8.5956e-01  -2.9077e-01   6.1910e-01   5.2188e-02
     0.840   1.0847e+00  -2.2894e-02   7.0446e-01   7.7285e-02
     0.875   1.2156e+00   1.3043e-01   8.3367e-01   1.2524e-01
     0.910   1.4921e+00   3.1574e-01   1.0474e+00   2.3417e-01
     0.945   2.0449e+00   8.2181e-01   1.4356e+00   5.6222e-01
     0.980   2.5365e+00   3.0170e+00   1.7863e+00   2.0090e+00
     1.015  -2.1197e+00   3.5400e+00  -1.2470e+00   2.3670e+00
     1.050  -1.9517e+00   8.6783e-01  -1.0949e+00   6.4418e-01
     1.085  -1.3476e+00   9.9675e-02  -6.7682e-01   2.5699e-01
     1.120  -7.5407e-01  -1.0776e-01  -4.4737e-01   1.3430e-01
     1.155  -6.1518e-01  -1.6605e-01  -3.1031e-01   8.1785e-02
     1.190  -2.1374e-01  -3.7631e-01  -2.2052e-01   5.4803e-02
     1.225  -3.0201e-02  -9.2530e-02  -1.5753e-01   3.9183e-02
     1.260  -4.4459e-02  -1.3877e-02  -1.1106e-01   2.9355e-02
     1.295  -4.1994e-02   3.8878e-03  -7.5453e-02   2.2780e-02
     1.330  -3.1015e-02   8.4611e-03  -4.7339e-02   1.8168e-02
     1.365  -1.7841e-02   9.3327e-03  -2.4613e-02   1.4812e-02
     1.400  -4.7636e-03   9.0159e-03  -5.8840e-03   1.2295e-02

CSV: C:\Users\Lenovo\Desktop\Generalized Effective Medium Theory for Elastic Metamaterials From Flexural Waves to Full Lamb Spectrum with Dynamic Homogenization and Topological Optimization\Article\code\data\Q2_bloch_coupled_omega.csv
Figure: C:\Users\Lenovo\Desktop\Generalized Effective Medium Theory for Elastic Metamaterials From Flexural Waves to Full Lamb Spectrum with Dynamic Homogenization and Topological Optimization\Article\figures\Q2_bloch_coupled_omega.pdf

# Comparison summary:
  Max relative error: 1.8975e+00
  Mean relative error: 6.3026e-01
  At omega = omega_0 (idx=10): err = 6.9700e-01
